<?xml version="1.0" encoding="UTF-8"?>
<!-- Generated by org.testng.reporters.JUnitXMLReporter -->
<testsuite hostname="Lap_RavindraK" ignored="9" name="Command line test" tests="95" failures="8" timestamp="08 Oct 2018 10:33:06 GMT" time="366.446" errors="0">
  <testcase name="accessWebsite" time="8.435" classname="mvnproject.Testinglf"/>
  <testcase name="facebookLogin" time="12.758" classname="mvnproject.Testinglf"/>
  <testcase name="clickprofilelink" time="1.655" classname="mvnproject.Testinglf"/>
  <testcase name="homeFreshPics" time="7.784" classname="mvnproject.Testinglf"/>
  <testcase name="homeRecipeOftheDay" time="0.293" classname="mvnproject.Testinglf"/>
  <testcase name="homeOurChefs" time="0.035" classname="mvnproject.Testinglf"/>
  <testcase name="homeTrendingOnLf" time="10.431" classname="mvnproject.Testinglf">
    <failure type="org.openqa.selenium.NoSuchElementException" message="no such element: Unable to locate element: {&amp;quot;method&amp;quot;:&amp;quot;link text&amp;quot;,&amp;quot;selector&amp;quot;:&amp;quot;Trending on&amp;quot;}
  (Session info: chrome=69.0.3497.100)
  (Driver info: chromedriver=2.36.540470 (e522d04694c7ebea4ba8821272dbef4f9b818c91),platform=Windows NT 6.3.9600 x86_64) (WARNING: The server did not provide any stacktrace information)
Command duration or timeout: 0 milliseconds
For documentation on this error, please visit: http://seleniumhq.org/exceptions/no_such_element.html
Build info: version: &amp;apos;3.14.0&amp;apos;, revision: &amp;apos;aacccce0&amp;apos;, time: &amp;apos;2018-08-02T20:19:58.91Z&amp;apos;
System info: host: &amp;apos;Lap_RavindraK&amp;apos;, ip: &amp;apos;192.168.171.2&amp;apos;, os.name: &amp;apos;Windows 8.1&amp;apos;, os.arch: &amp;apos;amd64&amp;apos;, os.version: &amp;apos;6.3&amp;apos;, java.version: &amp;apos;1.8.0_102&amp;apos;
Driver info: org.openqa.selenium.chrome.ChromeDriver
Capabilities {acceptInsecureCerts: false, acceptSslCerts: false, applicationCacheEnabled: false, browserConnectionEnabled: false, browserName: chrome, chrome: {chromedriverVersion: 2.36.540470 (e522d04694c7eb..., userDataDir: C:\Users\RAVIND~1.ZEE\AppDa...}, cssSelectorsEnabled: true, databaseEnabled: false, handlesAlerts: true, hasTouchScreen: false, javascriptEnabled: true, locationContextEnabled: true, mobileEmulationEnabled: false, nativeEvents: true, networkConnectionEnabled: false, pageLoadStrategy: normal, platform: XP, platformName: XP, rotatable: false, setWindowRect: true, takesHeapSnapshot: true, takesScreenshot: true, unexpectedAlertBehaviour: , unhandledPromptBehavior: , version: 69.0.3497.100, webStorageEnabled: true}
Session ID: 3e69d9651eed2dcf761f4775e08d9a70
*** Element info: {Using=link text, value=Trending on}">
      <![CDATA[org.openqa.selenium.NoSuchElementException: no such element: Unable to locate element: {"method":"link text","selector":"Trending on"}
  (Session info: chrome=69.0.3497.100)
  (Driver info: chromedriver=2.36.540470 (e522d04694c7ebea4ba8821272dbef4f9b818c91),platform=Windows NT 6.3.9600 x86_64) (WARNING: The server did not provide any stacktrace information)
Command duration or timeout: 0 milliseconds
For documentation on this error, please visit: http://seleniumhq.org/exceptions/no_such_element.html
Build info: version: '3.14.0', revision: 'aacccce0', time: '2018-08-02T20:19:58.91Z'
System info: host: 'Lap_RavindraK', ip: '192.168.171.2', os.name: 'Windows 8.1', os.arch: 'amd64', os.version: '6.3', java.version: '1.8.0_102'
Driver info: org.openqa.selenium.chrome.ChromeDriver
Capabilities {acceptInsecureCerts: false, acceptSslCerts: false, applicationCacheEnabled: false, browserConnectionEnabled: false, browserName: chrome, chrome: {chromedriverVersion: 2.36.540470 (e522d04694c7eb..., userDataDir: C:\Users\RAVIND~1.ZEE\AppDa...}, cssSelectorsEnabled: true, databaseEnabled: false, handlesAlerts: true, hasTouchScreen: false, javascriptEnabled: true, locationContextEnabled: true, mobileEmulationEnabled: false, nativeEvents: true, networkConnectionEnabled: false, pageLoadStrategy: normal, platform: XP, platformName: XP, rotatable: false, setWindowRect: true, takesHeapSnapshot: true, takesScreenshot: true, unexpectedAlertBehaviour: , unhandledPromptBehavior: , version: 69.0.3497.100, webStorageEnabled: true}
Session ID: 3e69d9651eed2dcf761f4775e08d9a70
*** Element info: {Using=link text, value=Trending on}
	at org.openqa.selenium.remote.ErrorHandler.createThrowable(ErrorHandler.java:214)
	at org.openqa.selenium.remote.ErrorHandler.throwIfResponseFailed(ErrorHandler.java:166)
	at org.openqa.selenium.remote.http.JsonHttpResponseCodec.reconstructValue(JsonHttpResponseCodec.java:40)
	at org.openqa.selenium.remote.http.AbstractHttpResponseCodec.decode(AbstractHttpResponseCodec.java:80)
	at org.openqa.selenium.remote.http.AbstractHttpResponseCodec.decode(AbstractHttpResponseCodec.java:44)
	at org.openqa.selenium.remote.HttpCommandExecutor.execute(HttpCommandExecutor.java:158)
	at org.openqa.selenium.remote.service.DriverCommandExecutor.execute(DriverCommandExecutor.java:83)
	at org.openqa.selenium.remote.RemoteWebDriver.execute(RemoteWebDriver.java:548)
	at org.openqa.selenium.remote.RemoteWebDriver.findElement(RemoteWebDriver.java:322)
	at org.openqa.selenium.remote.RemoteWebDriver.findElementByLinkText(RemoteWebDriver.java:376)
	at org.openqa.selenium.By$ByLinkText.findElement(By.java:220)
	at org.openqa.selenium.remote.RemoteWebDriver.findElement(RemoteWebDriver.java:314)
	at mvnproject.Testinglf.homeTrendingOnLf(Testinglf.java:99)
... Removed 38 stack frames]]>
    </failure>
  </testcase> <!-- homeTrendingOnLf -->
  <testcase name="homeAllShows" time="0.062" classname="mvnproject.Testinglf"/>
  <testcase name="recipeLanding1" time="1.933" classname="mvnproject.Testinglf"/>
  <testcase name="recipeRecipeOftheDay" time="0.027" classname="mvnproject.Testinglf"/>
  <testcase name="recipeOurChef" time="0.033" classname="mvnproject.Testinglf"/>
  <testcase name="recipeCusineType" time="0.137" classname="mvnproject.Testinglf"/>
  <testcase name="recipeDetail" time="9.057" classname="mvnproject.Testinglf"/>
  <testcase name="showLanding1" time="25.168" classname="mvnproject.Testinglf"/>
  <testcase name="showOnLf" time="0.067" classname="mvnproject.Testinglf"/>
  <testcase name="showOurHosts" time="0.041" classname="mvnproject.Testinglf"/>
  <testcase name="showTrendingOnLF" time="0.04" classname="mvnproject.Testinglf"/>
  <testcase name="peopleLanding" time="2.816" classname="mvnproject.Testinglf"/>
  <testcase name="peopleChefHost" time="0.103" classname="mvnproject.Testinglf"/>
  <testcase name="peopleScoops" time="1.039" classname="mvnproject.Testinglf"/>
  <testcase name="ChefProfile" time="4.678" classname="mvnproject.Testinglf"/>
  <testcase name="ChefProfileRecipeByChef" time="0.048" classname="mvnproject.Testinglf"/>
  <testcase name="ChefProfileFBComments" time="0.029" classname="mvnproject.Testinglf"/>
  <testcase name="chefProfileOurChefs" time="0.044" classname="mvnproject.Testinglf"/>
  <testcase name="storyLanding" time="4.975" classname="mvnproject.Testinglf"/>
  <testcase name="storyDishup" time="0.045" classname="mvnproject.Testinglf"/>
  <testcase name="storyPopCulture" time="0.042" classname="mvnproject.Testinglf"/>
  <testcase name="storyPlaces" time="0.727" classname="mvnproject.Testinglf"/>
  <testcase name="storyEntertainment" time="0.609" classname="mvnproject.Testinglf"/>
  <testcase name="storyFoodplusplus" time="0.553" classname="mvnproject.Testinglf"/>
  <testcase name="storyHealth" time="0.501" classname="mvnproject.Testinglf"/>
  <testcase name="reviewLanding" time="5.46" classname="mvnproject.Testinglf"/>
  <testcase name="reviewMumbai" time="0.853" classname="mvnproject.Testinglf"/>
  <testcase name="reviewDelhi" time="0.495" classname="mvnproject.Testinglf"/>
  <testcase name="reviewBangalore" time="0.399" classname="mvnproject.Testinglf"/>
  <testcase name="reviewPune" time="0.501" classname="mvnproject.Testinglf"/>
  <testcase name="reviewOther" time="0.41" classname="mvnproject.Testinglf"/>
  <testcase name="howTo" time="1.611" classname="mvnproject.Testinglf"/>
  <testcase name="howToKitchenHacks" time="0.395" classname="mvnproject.Testinglf"/>
  <testcase name="howToTipsandTricks" time="0.076" classname="mvnproject.Testinglf"/>
  <testcase name="showDetails" time="4.554" classname="mvnproject.Testinglf"/>
  <testcase name="showdetailTitle" time="0.083" classname="mvnproject.Testinglf"/>
  <testcase name="showdetailDescription" time="0.042" classname="mvnproject.Testinglf"/>
  <testcase name="showdetailComments" time="0.004" classname="mvnproject.Testinglf"/>
  <testcase name="showdetailAboutHost" time="0.039" classname="mvnproject.Testinglf"/>
  <testcase name="showdetailArticleAboutShow" time="0.046" classname="mvnproject.Testinglf"/>
  <testcase name="showdetailOurHosts" time="10.066" classname="mvnproject.Testinglf">
    <failure type="org.openqa.selenium.NoSuchElementException" message="no such element: Unable to locate element: {&amp;quot;method&amp;quot;:&amp;quot;xpath&amp;quot;,&amp;quot;selector&amp;quot;:&amp;quot;//span[contains(text(),&amp;apos;Articles about Shows&amp;apos;)]&amp;quot;}
  (Session info: chrome=69.0.3497.100)
  (Driver info: chromedriver=2.36.540470 (e522d04694c7ebea4ba8821272dbef4f9b818c91),platform=Windows NT 6.3.9600 x86_64) (WARNING: The server did not provide any stacktrace information)
Command duration or timeout: 0 milliseconds
For documentation on this error, please visit: http://seleniumhq.org/exceptions/no_such_element.html
Build info: version: &amp;apos;3.14.0&amp;apos;, revision: &amp;apos;aacccce0&amp;apos;, time: &amp;apos;2018-08-02T20:19:58.91Z&amp;apos;
System info: host: &amp;apos;Lap_RavindraK&amp;apos;, ip: &amp;apos;192.168.171.2&amp;apos;, os.name: &amp;apos;Windows 8.1&amp;apos;, os.arch: &amp;apos;amd64&amp;apos;, os.version: &amp;apos;6.3&amp;apos;, java.version: &amp;apos;1.8.0_102&amp;apos;
Driver info: org.openqa.selenium.chrome.ChromeDriver
Capabilities {acceptInsecureCerts: false, acceptSslCerts: false, applicationCacheEnabled: false, browserConnectionEnabled: false, browserName: chrome, chrome: {chromedriverVersion: 2.36.540470 (e522d04694c7eb..., userDataDir: C:\Users\RAVIND~1.ZEE\AppDa...}, cssSelectorsEnabled: true, databaseEnabled: false, handlesAlerts: true, hasTouchScreen: false, javascriptEnabled: true, locationContextEnabled: true, mobileEmulationEnabled: false, nativeEvents: true, networkConnectionEnabled: false, pageLoadStrategy: normal, platform: XP, platformName: XP, rotatable: false, setWindowRect: true, takesHeapSnapshot: true, takesScreenshot: true, unexpectedAlertBehaviour: , unhandledPromptBehavior: , version: 69.0.3497.100, webStorageEnabled: true}
Session ID: 3e69d9651eed2dcf761f4775e08d9a70
*** Element info: {Using=xpath, value=//span[contains(text(),&amp;apos;Articles about Shows&amp;apos;)]}">
      <![CDATA[org.openqa.selenium.NoSuchElementException: no such element: Unable to locate element: {"method":"xpath","selector":"//span[contains(text(),'Articles about Shows')]"}
  (Session info: chrome=69.0.3497.100)
  (Driver info: chromedriver=2.36.540470 (e522d04694c7ebea4ba8821272dbef4f9b818c91),platform=Windows NT 6.3.9600 x86_64) (WARNING: The server did not provide any stacktrace information)
Command duration or timeout: 0 milliseconds
For documentation on this error, please visit: http://seleniumhq.org/exceptions/no_such_element.html
Build info: version: '3.14.0', revision: 'aacccce0', time: '2018-08-02T20:19:58.91Z'
System info: host: 'Lap_RavindraK', ip: '192.168.171.2', os.name: 'Windows 8.1', os.arch: 'amd64', os.version: '6.3', java.version: '1.8.0_102'
Driver info: org.openqa.selenium.chrome.ChromeDriver
Capabilities {acceptInsecureCerts: false, acceptSslCerts: false, applicationCacheEnabled: false, browserConnectionEnabled: false, browserName: chrome, chrome: {chromedriverVersion: 2.36.540470 (e522d04694c7eb..., userDataDir: C:\Users\RAVIND~1.ZEE\AppDa...}, cssSelectorsEnabled: true, databaseEnabled: false, handlesAlerts: true, hasTouchScreen: false, javascriptEnabled: true, locationContextEnabled: true, mobileEmulationEnabled: false, nativeEvents: true, networkConnectionEnabled: false, pageLoadStrategy: normal, platform: XP, platformName: XP, rotatable: false, setWindowRect: true, takesHeapSnapshot: true, takesScreenshot: true, unexpectedAlertBehaviour: , unhandledPromptBehavior: , version: 69.0.3497.100, webStorageEnabled: true}
Session ID: 3e69d9651eed2dcf761f4775e08d9a70
*** Element info: {Using=xpath, value=//span[contains(text(),'Articles about Shows')]}
	at org.openqa.selenium.remote.ErrorHandler.createThrowable(ErrorHandler.java:214)
	at org.openqa.selenium.remote.ErrorHandler.throwIfResponseFailed(ErrorHandler.java:166)
	at org.openqa.selenium.remote.http.JsonHttpResponseCodec.reconstructValue(JsonHttpResponseCodec.java:40)
	at org.openqa.selenium.remote.http.AbstractHttpResponseCodec.decode(AbstractHttpResponseCodec.java:80)
	at org.openqa.selenium.remote.http.AbstractHttpResponseCodec.decode(AbstractHttpResponseCodec.java:44)
	at org.openqa.selenium.remote.HttpCommandExecutor.execute(HttpCommandExecutor.java:158)
	at org.openqa.selenium.remote.service.DriverCommandExecutor.execute(DriverCommandExecutor.java:83)
	at org.openqa.selenium.remote.RemoteWebDriver.execute(RemoteWebDriver.java:548)
	at org.openqa.selenium.remote.RemoteWebDriver.findElement(RemoteWebDriver.java:322)
	at org.openqa.selenium.remote.RemoteWebDriver.findElementByXPath(RemoteWebDriver.java:424)
	at org.openqa.selenium.By$ByXPath.findElement(By.java:353)
	at org.openqa.selenium.remote.RemoteWebDriver.findElement(RemoteWebDriver.java:314)
	at mvnproject.Testinglf.showdetailOurHosts(Testinglf.java:464)
... Removed 38 stack frames]]>
    </failure>
  </testcase> <!-- showdetailOurHosts -->
  <testcase name="showdetail_All_Shows" time="0.04" classname="mvnproject.Testinglf"/>
  <testcase name="storyDetail" time="2.548" classname="mvnproject.Testinglf"/>
  <testcase name="storyDetailTitle" time="1.186" classname="mvnproject.Testinglf"/>
  <testcase name="storyDetailRelatedStories" time="1.179" classname="mvnproject.Testinglf"/>
  <testcase name="storyDetailsComments" time="0.003" classname="mvnproject.Testinglf"/>
  <testcase name="search" time="3.976" classname="mvnproject.Testinglf"/>
  <testcase name="BackfromStoryDetail" time="9.826" classname="mvnproject.Testinglf"/>
  <testcase name="homeCarousel" time="3.696" classname="mvnproject.Testinglf"/>
  <testcase name="recipeCarousel" time="5.466" classname="mvnproject.Testinglf"/>
  <testcase name="showCarousel" time="4.069" classname="mvnproject.Testinglf"/>
  <testcase name="peopleCarousel" time="4.126" classname="mvnproject.Testinglf"/>
  <testcase name="storyCarousel" time="4.028" classname="mvnproject.Testinglf"/>
  <testcase name="reviewCarousel" time="3.136" classname="mvnproject.Testinglf"/>
  <testcase name="howToCarousel" time="2.768" classname="mvnproject.Testinglf"/>
  <testcase name="recipeOnCardTagRedirection" time="11.338" classname="mvnproject.Testinglf">
    <failure type="org.openqa.selenium.NoSuchElementException" message="no such element: Unable to locate element: {&amp;quot;method&amp;quot;:&amp;quot;xpath&amp;quot;,&amp;quot;selector&amp;quot;:&amp;quot;//*[@id=&amp;quot;RecipesMenu1&amp;quot;]/div[2]/div/div[2]/div[1]/div[1]/a/h3&amp;quot;}
  (Session info: chrome=69.0.3497.100)
  (Driver info: chromedriver=2.36.540470 (e522d04694c7ebea4ba8821272dbef4f9b818c91),platform=Windows NT 6.3.9600 x86_64) (WARNING: The server did not provide any stacktrace information)
Command duration or timeout: 0 milliseconds
For documentation on this error, please visit: http://seleniumhq.org/exceptions/no_such_element.html
Build info: version: &amp;apos;3.14.0&amp;apos;, revision: &amp;apos;aacccce0&amp;apos;, time: &amp;apos;2018-08-02T20:19:58.91Z&amp;apos;
System info: host: &amp;apos;Lap_RavindraK&amp;apos;, ip: &amp;apos;192.168.171.2&amp;apos;, os.name: &amp;apos;Windows 8.1&amp;apos;, os.arch: &amp;apos;amd64&amp;apos;, os.version: &amp;apos;6.3&amp;apos;, java.version: &amp;apos;1.8.0_102&amp;apos;
Driver info: org.openqa.selenium.chrome.ChromeDriver
Capabilities {acceptInsecureCerts: false, acceptSslCerts: false, applicationCacheEnabled: false, browserConnectionEnabled: false, browserName: chrome, chrome: {chromedriverVersion: 2.36.540470 (e522d04694c7eb..., userDataDir: C:\Users\RAVIND~1.ZEE\AppDa...}, cssSelectorsEnabled: true, databaseEnabled: false, handlesAlerts: true, hasTouchScreen: false, javascriptEnabled: true, locationContextEnabled: true, mobileEmulationEnabled: false, nativeEvents: true, networkConnectionEnabled: false, pageLoadStrategy: normal, platform: XP, platformName: XP, rotatable: false, setWindowRect: true, takesHeapSnapshot: true, takesScreenshot: true, unexpectedAlertBehaviour: , unhandledPromptBehavior: , version: 69.0.3497.100, webStorageEnabled: true}
Session ID: 3e69d9651eed2dcf761f4775e08d9a70
*** Element info: {Using=xpath, value=//*[@id=&amp;quot;RecipesMenu1&amp;quot;]/div[2]/div/div[2]/div[1]/div[1]/a/h3}">
      <![CDATA[org.openqa.selenium.NoSuchElementException: no such element: Unable to locate element: {"method":"xpath","selector":"//*[@id="RecipesMenu1"]/div[2]/div/div[2]/div[1]/div[1]/a/h3"}
  (Session info: chrome=69.0.3497.100)
  (Driver info: chromedriver=2.36.540470 (e522d04694c7ebea4ba8821272dbef4f9b818c91),platform=Windows NT 6.3.9600 x86_64) (WARNING: The server did not provide any stacktrace information)
Command duration or timeout: 0 milliseconds
For documentation on this error, please visit: http://seleniumhq.org/exceptions/no_such_element.html
Build info: version: '3.14.0', revision: 'aacccce0', time: '2018-08-02T20:19:58.91Z'
System info: host: 'Lap_RavindraK', ip: '192.168.171.2', os.name: 'Windows 8.1', os.arch: 'amd64', os.version: '6.3', java.version: '1.8.0_102'
Driver info: org.openqa.selenium.chrome.ChromeDriver
Capabilities {acceptInsecureCerts: false, acceptSslCerts: false, applicationCacheEnabled: false, browserConnectionEnabled: false, browserName: chrome, chrome: {chromedriverVersion: 2.36.540470 (e522d04694c7eb..., userDataDir: C:\Users\RAVIND~1.ZEE\AppDa...}, cssSelectorsEnabled: true, databaseEnabled: false, handlesAlerts: true, hasTouchScreen: false, javascriptEnabled: true, locationContextEnabled: true, mobileEmulationEnabled: false, nativeEvents: true, networkConnectionEnabled: false, pageLoadStrategy: normal, platform: XP, platformName: XP, rotatable: false, setWindowRect: true, takesHeapSnapshot: true, takesScreenshot: true, unexpectedAlertBehaviour: , unhandledPromptBehavior: , version: 69.0.3497.100, webStorageEnabled: true}
Session ID: 3e69d9651eed2dcf761f4775e08d9a70
*** Element info: {Using=xpath, value=//*[@id="RecipesMenu1"]/div[2]/div/div[2]/div[1]/div[1]/a/h3}
	at org.openqa.selenium.remote.ErrorHandler.createThrowable(ErrorHandler.java:214)
	at org.openqa.selenium.remote.ErrorHandler.throwIfResponseFailed(ErrorHandler.java:166)
	at org.openqa.selenium.remote.http.JsonHttpResponseCodec.reconstructValue(JsonHttpResponseCodec.java:40)
	at org.openqa.selenium.remote.http.AbstractHttpResponseCodec.decode(AbstractHttpResponseCodec.java:80)
	at org.openqa.selenium.remote.http.AbstractHttpResponseCodec.decode(AbstractHttpResponseCodec.java:44)
	at org.openqa.selenium.remote.HttpCommandExecutor.execute(HttpCommandExecutor.java:158)
	at org.openqa.selenium.remote.service.DriverCommandExecutor.execute(DriverCommandExecutor.java:83)
	at org.openqa.selenium.remote.RemoteWebDriver.execute(RemoteWebDriver.java:548)
	at org.openqa.selenium.remote.RemoteWebDriver.findElement(RemoteWebDriver.java:322)
	at org.openqa.selenium.remote.RemoteWebDriver.findElementByXPath(RemoteWebDriver.java:424)
	at org.openqa.selenium.By$ByXPath.findElement(By.java:353)
	at org.openqa.selenium.remote.RemoteWebDriver.findElement(RemoteWebDriver.java:314)
	at mvnproject.Testinglf.recipeOnCardTagRedirection(Testinglf.java:632)
... Removed 38 stack frames]]>
    </failure>
  </testcase> <!-- recipeOnCardTagRedirection -->
  <testcase name="recipeOnCardTitleRedirection" time="11.433" classname="mvnproject.Testinglf">
    <failure type="org.openqa.selenium.NoSuchElementException" message="no such element: Unable to locate element: {&amp;quot;method&amp;quot;:&amp;quot;xpath&amp;quot;,&amp;quot;selector&amp;quot;:&amp;quot;//*[@id=&amp;quot;RecipesMenu1&amp;quot;]/div[1]/div/div[2]/div[1]/h4/a&amp;quot;}
  (Session info: chrome=69.0.3497.100)
  (Driver info: chromedriver=2.36.540470 (e522d04694c7ebea4ba8821272dbef4f9b818c91),platform=Windows NT 6.3.9600 x86_64) (WARNING: The server did not provide any stacktrace information)
Command duration or timeout: 0 milliseconds
For documentation on this error, please visit: http://seleniumhq.org/exceptions/no_such_element.html
Build info: version: &amp;apos;3.14.0&amp;apos;, revision: &amp;apos;aacccce0&amp;apos;, time: &amp;apos;2018-08-02T20:19:58.91Z&amp;apos;
System info: host: &amp;apos;Lap_RavindraK&amp;apos;, ip: &amp;apos;192.168.171.2&amp;apos;, os.name: &amp;apos;Windows 8.1&amp;apos;, os.arch: &amp;apos;amd64&amp;apos;, os.version: &amp;apos;6.3&amp;apos;, java.version: &amp;apos;1.8.0_102&amp;apos;
Driver info: org.openqa.selenium.chrome.ChromeDriver
Capabilities {acceptInsecureCerts: false, acceptSslCerts: false, applicationCacheEnabled: false, browserConnectionEnabled: false, browserName: chrome, chrome: {chromedriverVersion: 2.36.540470 (e522d04694c7eb..., userDataDir: C:\Users\RAVIND~1.ZEE\AppDa...}, cssSelectorsEnabled: true, databaseEnabled: false, handlesAlerts: true, hasTouchScreen: false, javascriptEnabled: true, locationContextEnabled: true, mobileEmulationEnabled: false, nativeEvents: true, networkConnectionEnabled: false, pageLoadStrategy: normal, platform: XP, platformName: XP, rotatable: false, setWindowRect: true, takesHeapSnapshot: true, takesScreenshot: true, unexpectedAlertBehaviour: , unhandledPromptBehavior: , version: 69.0.3497.100, webStorageEnabled: true}
Session ID: 3e69d9651eed2dcf761f4775e08d9a70
*** Element info: {Using=xpath, value=//*[@id=&amp;quot;RecipesMenu1&amp;quot;]/div[1]/div/div[2]/div[1]/h4/a}">
      <![CDATA[org.openqa.selenium.NoSuchElementException: no such element: Unable to locate element: {"method":"xpath","selector":"//*[@id="RecipesMenu1"]/div[1]/div/div[2]/div[1]/h4/a"}
  (Session info: chrome=69.0.3497.100)
  (Driver info: chromedriver=2.36.540470 (e522d04694c7ebea4ba8821272dbef4f9b818c91),platform=Windows NT 6.3.9600 x86_64) (WARNING: The server did not provide any stacktrace information)
Command duration or timeout: 0 milliseconds
For documentation on this error, please visit: http://seleniumhq.org/exceptions/no_such_element.html
Build info: version: '3.14.0', revision: 'aacccce0', time: '2018-08-02T20:19:58.91Z'
System info: host: 'Lap_RavindraK', ip: '192.168.171.2', os.name: 'Windows 8.1', os.arch: 'amd64', os.version: '6.3', java.version: '1.8.0_102'
Driver info: org.openqa.selenium.chrome.ChromeDriver
Capabilities {acceptInsecureCerts: false, acceptSslCerts: false, applicationCacheEnabled: false, browserConnectionEnabled: false, browserName: chrome, chrome: {chromedriverVersion: 2.36.540470 (e522d04694c7eb..., userDataDir: C:\Users\RAVIND~1.ZEE\AppDa...}, cssSelectorsEnabled: true, databaseEnabled: false, handlesAlerts: true, hasTouchScreen: false, javascriptEnabled: true, locationContextEnabled: true, mobileEmulationEnabled: false, nativeEvents: true, networkConnectionEnabled: false, pageLoadStrategy: normal, platform: XP, platformName: XP, rotatable: false, setWindowRect: true, takesHeapSnapshot: true, takesScreenshot: true, unexpectedAlertBehaviour: , unhandledPromptBehavior: , version: 69.0.3497.100, webStorageEnabled: true}
Session ID: 3e69d9651eed2dcf761f4775e08d9a70
*** Element info: {Using=xpath, value=//*[@id="RecipesMenu1"]/div[1]/div/div[2]/div[1]/h4/a}
	at org.openqa.selenium.remote.ErrorHandler.createThrowable(ErrorHandler.java:214)
	at org.openqa.selenium.remote.ErrorHandler.throwIfResponseFailed(ErrorHandler.java:166)
	at org.openqa.selenium.remote.http.JsonHttpResponseCodec.reconstructValue(JsonHttpResponseCodec.java:40)
	at org.openqa.selenium.remote.http.AbstractHttpResponseCodec.decode(AbstractHttpResponseCodec.java:80)
	at org.openqa.selenium.remote.http.AbstractHttpResponseCodec.decode(AbstractHttpResponseCodec.java:44)
	at org.openqa.selenium.remote.HttpCommandExecutor.execute(HttpCommandExecutor.java:158)
	at org.openqa.selenium.remote.service.DriverCommandExecutor.execute(DriverCommandExecutor.java:83)
	at org.openqa.selenium.remote.RemoteWebDriver.execute(RemoteWebDriver.java:548)
	at org.openqa.selenium.remote.RemoteWebDriver.findElement(RemoteWebDriver.java:322)
	at org.openqa.selenium.remote.RemoteWebDriver.findElementByXPath(RemoteWebDriver.java:424)
	at org.openqa.selenium.By$ByXPath.findElement(By.java:353)
	at org.openqa.selenium.remote.RemoteWebDriver.findElement(RemoteWebDriver.java:314)
	at mvnproject.Testinglf.recipeOnCardTitleRedirection(Testinglf.java:642)
... Removed 38 stack frames]]>
    </failure>
  </testcase> <!-- recipeOnCardTitleRedirection -->
  <testcase name="recipeOnCardDecRedirection" time="11.07" classname="mvnproject.Testinglf">
    <failure type="org.openqa.selenium.NoSuchElementException" message="no such element: Unable to locate element: {&amp;quot;method&amp;quot;:&amp;quot;xpath&amp;quot;,&amp;quot;selector&amp;quot;:&amp;quot;//*[@id=&amp;quot;RecipesMenu1&amp;quot;]/div[1]/div/div[2]/div[1]/p/a&amp;quot;}
  (Session info: chrome=69.0.3497.100)
  (Driver info: chromedriver=2.36.540470 (e522d04694c7ebea4ba8821272dbef4f9b818c91),platform=Windows NT 6.3.9600 x86_64) (WARNING: The server did not provide any stacktrace information)
Command duration or timeout: 0 milliseconds
For documentation on this error, please visit: http://seleniumhq.org/exceptions/no_such_element.html
Build info: version: &amp;apos;3.14.0&amp;apos;, revision: &amp;apos;aacccce0&amp;apos;, time: &amp;apos;2018-08-02T20:19:58.91Z&amp;apos;
System info: host: &amp;apos;Lap_RavindraK&amp;apos;, ip: &amp;apos;192.168.171.2&amp;apos;, os.name: &amp;apos;Windows 8.1&amp;apos;, os.arch: &amp;apos;amd64&amp;apos;, os.version: &amp;apos;6.3&amp;apos;, java.version: &amp;apos;1.8.0_102&amp;apos;
Driver info: org.openqa.selenium.chrome.ChromeDriver
Capabilities {acceptInsecureCerts: false, acceptSslCerts: false, applicationCacheEnabled: false, browserConnectionEnabled: false, browserName: chrome, chrome: {chromedriverVersion: 2.36.540470 (e522d04694c7eb..., userDataDir: C:\Users\RAVIND~1.ZEE\AppDa...}, cssSelectorsEnabled: true, databaseEnabled: false, handlesAlerts: true, hasTouchScreen: false, javascriptEnabled: true, locationContextEnabled: true, mobileEmulationEnabled: false, nativeEvents: true, networkConnectionEnabled: false, pageLoadStrategy: normal, platform: XP, platformName: XP, rotatable: false, setWindowRect: true, takesHeapSnapshot: true, takesScreenshot: true, unexpectedAlertBehaviour: , unhandledPromptBehavior: , version: 69.0.3497.100, webStorageEnabled: true}
Session ID: 3e69d9651eed2dcf761f4775e08d9a70
*** Element info: {Using=xpath, value=//*[@id=&amp;quot;RecipesMenu1&amp;quot;]/div[1]/div/div[2]/div[1]/p/a}">
      <![CDATA[org.openqa.selenium.NoSuchElementException: no such element: Unable to locate element: {"method":"xpath","selector":"//*[@id="RecipesMenu1"]/div[1]/div/div[2]/div[1]/p/a"}
  (Session info: chrome=69.0.3497.100)
  (Driver info: chromedriver=2.36.540470 (e522d04694c7ebea4ba8821272dbef4f9b818c91),platform=Windows NT 6.3.9600 x86_64) (WARNING: The server did not provide any stacktrace information)
Command duration or timeout: 0 milliseconds
For documentation on this error, please visit: http://seleniumhq.org/exceptions/no_such_element.html
Build info: version: '3.14.0', revision: 'aacccce0', time: '2018-08-02T20:19:58.91Z'
System info: host: 'Lap_RavindraK', ip: '192.168.171.2', os.name: 'Windows 8.1', os.arch: 'amd64', os.version: '6.3', java.version: '1.8.0_102'
Driver info: org.openqa.selenium.chrome.ChromeDriver
Capabilities {acceptInsecureCerts: false, acceptSslCerts: false, applicationCacheEnabled: false, browserConnectionEnabled: false, browserName: chrome, chrome: {chromedriverVersion: 2.36.540470 (e522d04694c7eb..., userDataDir: C:\Users\RAVIND~1.ZEE\AppDa...}, cssSelectorsEnabled: true, databaseEnabled: false, handlesAlerts: true, hasTouchScreen: false, javascriptEnabled: true, locationContextEnabled: true, mobileEmulationEnabled: false, nativeEvents: true, networkConnectionEnabled: false, pageLoadStrategy: normal, platform: XP, platformName: XP, rotatable: false, setWindowRect: true, takesHeapSnapshot: true, takesScreenshot: true, unexpectedAlertBehaviour: , unhandledPromptBehavior: , version: 69.0.3497.100, webStorageEnabled: true}
Session ID: 3e69d9651eed2dcf761f4775e08d9a70
*** Element info: {Using=xpath, value=//*[@id="RecipesMenu1"]/div[1]/div/div[2]/div[1]/p/a}
	at org.openqa.selenium.remote.ErrorHandler.createThrowable(ErrorHandler.java:214)
	at org.openqa.selenium.remote.ErrorHandler.throwIfResponseFailed(ErrorHandler.java:166)
	at org.openqa.selenium.remote.http.JsonHttpResponseCodec.reconstructValue(JsonHttpResponseCodec.java:40)
	at org.openqa.selenium.remote.http.AbstractHttpResponseCodec.decode(AbstractHttpResponseCodec.java:80)
	at org.openqa.selenium.remote.http.AbstractHttpResponseCodec.decode(AbstractHttpResponseCodec.java:44)
	at org.openqa.selenium.remote.HttpCommandExecutor.execute(HttpCommandExecutor.java:158)
	at org.openqa.selenium.remote.service.DriverCommandExecutor.execute(DriverCommandExecutor.java:83)
	at org.openqa.selenium.remote.RemoteWebDriver.execute(RemoteWebDriver.java:548)
	at org.openqa.selenium.remote.RemoteWebDriver.findElement(RemoteWebDriver.java:322)
	at org.openqa.selenium.remote.RemoteWebDriver.findElementByXPath(RemoteWebDriver.java:424)
	at org.openqa.selenium.By$ByXPath.findElement(By.java:353)
	at org.openqa.selenium.remote.RemoteWebDriver.findElement(RemoteWebDriver.java:314)
	at mvnproject.Testinglf.recipeOnCardDecRedirection(Testinglf.java:652)
... Removed 38 stack frames]]>
    </failure>
  </testcase> <!-- recipeOnCardDecRedirection -->
  <testcase name="recipeOnCardChefRedirection" time="11.414" classname="mvnproject.Testinglf">
    <failure type="org.openqa.selenium.NoSuchElementException" message="no such element: Unable to locate element: {&amp;quot;method&amp;quot;:&amp;quot;xpath&amp;quot;,&amp;quot;selector&amp;quot;:&amp;quot;//*[@id=&amp;quot;RecipesMenu1&amp;quot;]/div[1]/div/div[2]/div[1]/div[4]/div[2]/h5/a&amp;quot;}
  (Session info: chrome=69.0.3497.100)
  (Driver info: chromedriver=2.36.540470 (e522d04694c7ebea4ba8821272dbef4f9b818c91),platform=Windows NT 6.3.9600 x86_64) (WARNING: The server did not provide any stacktrace information)
Command duration or timeout: 0 milliseconds
For documentation on this error, please visit: http://seleniumhq.org/exceptions/no_such_element.html
Build info: version: &amp;apos;3.14.0&amp;apos;, revision: &amp;apos;aacccce0&amp;apos;, time: &amp;apos;2018-08-02T20:19:58.91Z&amp;apos;
System info: host: &amp;apos;Lap_RavindraK&amp;apos;, ip: &amp;apos;192.168.171.2&amp;apos;, os.name: &amp;apos;Windows 8.1&amp;apos;, os.arch: &amp;apos;amd64&amp;apos;, os.version: &amp;apos;6.3&amp;apos;, java.version: &amp;apos;1.8.0_102&amp;apos;
Driver info: org.openqa.selenium.chrome.ChromeDriver
Capabilities {acceptInsecureCerts: false, acceptSslCerts: false, applicationCacheEnabled: false, browserConnectionEnabled: false, browserName: chrome, chrome: {chromedriverVersion: 2.36.540470 (e522d04694c7eb..., userDataDir: C:\Users\RAVIND~1.ZEE\AppDa...}, cssSelectorsEnabled: true, databaseEnabled: false, handlesAlerts: true, hasTouchScreen: false, javascriptEnabled: true, locationContextEnabled: true, mobileEmulationEnabled: false, nativeEvents: true, networkConnectionEnabled: false, pageLoadStrategy: normal, platform: XP, platformName: XP, rotatable: false, setWindowRect: true, takesHeapSnapshot: true, takesScreenshot: true, unexpectedAlertBehaviour: , unhandledPromptBehavior: , version: 69.0.3497.100, webStorageEnabled: true}
Session ID: 3e69d9651eed2dcf761f4775e08d9a70
*** Element info: {Using=xpath, value=//*[@id=&amp;quot;RecipesMenu1&amp;quot;]/div[1]/div/div[2]/div[1]/div[4]/div[2]/h5/a}">
      <![CDATA[org.openqa.selenium.NoSuchElementException: no such element: Unable to locate element: {"method":"xpath","selector":"//*[@id="RecipesMenu1"]/div[1]/div/div[2]/div[1]/div[4]/div[2]/h5/a"}
  (Session info: chrome=69.0.3497.100)
  (Driver info: chromedriver=2.36.540470 (e522d04694c7ebea4ba8821272dbef4f9b818c91),platform=Windows NT 6.3.9600 x86_64) (WARNING: The server did not provide any stacktrace information)
Command duration or timeout: 0 milliseconds
For documentation on this error, please visit: http://seleniumhq.org/exceptions/no_such_element.html
Build info: version: '3.14.0', revision: 'aacccce0', time: '2018-08-02T20:19:58.91Z'
System info: host: 'Lap_RavindraK', ip: '192.168.171.2', os.name: 'Windows 8.1', os.arch: 'amd64', os.version: '6.3', java.version: '1.8.0_102'
Driver info: org.openqa.selenium.chrome.ChromeDriver
Capabilities {acceptInsecureCerts: false, acceptSslCerts: false, applicationCacheEnabled: false, browserConnectionEnabled: false, browserName: chrome, chrome: {chromedriverVersion: 2.36.540470 (e522d04694c7eb..., userDataDir: C:\Users\RAVIND~1.ZEE\AppDa...}, cssSelectorsEnabled: true, databaseEnabled: false, handlesAlerts: true, hasTouchScreen: false, javascriptEnabled: true, locationContextEnabled: true, mobileEmulationEnabled: false, nativeEvents: true, networkConnectionEnabled: false, pageLoadStrategy: normal, platform: XP, platformName: XP, rotatable: false, setWindowRect: true, takesHeapSnapshot: true, takesScreenshot: true, unexpectedAlertBehaviour: , unhandledPromptBehavior: , version: 69.0.3497.100, webStorageEnabled: true}
Session ID: 3e69d9651eed2dcf761f4775e08d9a70
*** Element info: {Using=xpath, value=//*[@id="RecipesMenu1"]/div[1]/div/div[2]/div[1]/div[4]/div[2]/h5/a}
	at org.openqa.selenium.remote.ErrorHandler.createThrowable(ErrorHandler.java:214)
	at org.openqa.selenium.remote.ErrorHandler.throwIfResponseFailed(ErrorHandler.java:166)
	at org.openqa.selenium.remote.http.JsonHttpResponseCodec.reconstructValue(JsonHttpResponseCodec.java:40)
	at org.openqa.selenium.remote.http.AbstractHttpResponseCodec.decode(AbstractHttpResponseCodec.java:80)
	at org.openqa.selenium.remote.http.AbstractHttpResponseCodec.decode(AbstractHttpResponseCodec.java:44)
	at org.openqa.selenium.remote.HttpCommandExecutor.execute(HttpCommandExecutor.java:158)
	at org.openqa.selenium.remote.service.DriverCommandExecutor.execute(DriverCommandExecutor.java:83)
	at org.openqa.selenium.remote.RemoteWebDriver.execute(RemoteWebDriver.java:548)
	at org.openqa.selenium.remote.RemoteWebDriver.findElement(RemoteWebDriver.java:322)
	at org.openqa.selenium.remote.RemoteWebDriver.findElementByXPath(RemoteWebDriver.java:424)
	at org.openqa.selenium.By$ByXPath.findElement(By.java:353)
	at org.openqa.selenium.remote.RemoteWebDriver.findElement(RemoteWebDriver.java:314)
	at mvnproject.Testinglf.recipeOnCardChefRedirection(Testinglf.java:662)
... Removed 38 stack frames]]>
    </failure>
  </testcase> <!-- recipeOnCardChefRedirection -->
  <testcase name="recipeSublinksRecipeOfTheDay" time="4.982" classname="mvnproject.Testinglf"/>
  <testcase name="recirecipeSublinksCusineType" time="5.634" classname="mvnproject.Testinglf"/>
  <testcase name="recirecipeSublinksOurChef" time="2.044" classname="mvnproject.Testinglf"/>
  <testcase name="showSubLinkShowOnLF" time="6.129" classname="mvnproject.Testinglf"/>
  <testcase name="showSubLinkChefHost" time="1.953" classname="mvnproject.Testinglf"/>
  <testcase name="showSubLinkTrendingonLF" time="10.022" classname="mvnproject.Testinglf">
    <failure type="org.openqa.selenium.NoSuchElementException" message="no such element: Unable to locate element: {&amp;quot;method&amp;quot;:&amp;quot;xpath&amp;quot;,&amp;quot;selector&amp;quot;:&amp;quot;//*[@id=&amp;quot;main-nav&amp;quot;]/ul/li[2]/ul/li[3]/a&amp;quot;}
  (Session info: chrome=69.0.3497.100)
  (Driver info: chromedriver=2.36.540470 (e522d04694c7ebea4ba8821272dbef4f9b818c91),platform=Windows NT 6.3.9600 x86_64) (WARNING: The server did not provide any stacktrace information)
Command duration or timeout: 0 milliseconds
For documentation on this error, please visit: http://seleniumhq.org/exceptions/no_such_element.html
Build info: version: &amp;apos;3.14.0&amp;apos;, revision: &amp;apos;aacccce0&amp;apos;, time: &amp;apos;2018-08-02T20:19:58.91Z&amp;apos;
System info: host: &amp;apos;Lap_RavindraK&amp;apos;, ip: &amp;apos;192.168.171.2&amp;apos;, os.name: &amp;apos;Windows 8.1&amp;apos;, os.arch: &amp;apos;amd64&amp;apos;, os.version: &amp;apos;6.3&amp;apos;, java.version: &amp;apos;1.8.0_102&amp;apos;
Driver info: org.openqa.selenium.chrome.ChromeDriver
Capabilities {acceptInsecureCerts: false, acceptSslCerts: false, applicationCacheEnabled: false, browserConnectionEnabled: false, browserName: chrome, chrome: {chromedriverVersion: 2.36.540470 (e522d04694c7eb..., userDataDir: C:\Users\RAVIND~1.ZEE\AppDa...}, cssSelectorsEnabled: true, databaseEnabled: false, handlesAlerts: true, hasTouchScreen: false, javascriptEnabled: true, locationContextEnabled: true, mobileEmulationEnabled: false, nativeEvents: true, networkConnectionEnabled: false, pageLoadStrategy: normal, platform: XP, platformName: XP, rotatable: false, setWindowRect: true, takesHeapSnapshot: true, takesScreenshot: true, unexpectedAlertBehaviour: , unhandledPromptBehavior: , version: 69.0.3497.100, webStorageEnabled: true}
Session ID: 3e69d9651eed2dcf761f4775e08d9a70
*** Element info: {Using=xpath, value=//*[@id=&amp;quot;main-nav&amp;quot;]/ul/li[2]/ul/li[3]/a}">
      <![CDATA[org.openqa.selenium.NoSuchElementException: no such element: Unable to locate element: {"method":"xpath","selector":"//*[@id="main-nav"]/ul/li[2]/ul/li[3]/a"}
  (Session info: chrome=69.0.3497.100)
  (Driver info: chromedriver=2.36.540470 (e522d04694c7ebea4ba8821272dbef4f9b818c91),platform=Windows NT 6.3.9600 x86_64) (WARNING: The server did not provide any stacktrace information)
Command duration or timeout: 0 milliseconds
For documentation on this error, please visit: http://seleniumhq.org/exceptions/no_such_element.html
Build info: version: '3.14.0', revision: 'aacccce0', time: '2018-08-02T20:19:58.91Z'
System info: host: 'Lap_RavindraK', ip: '192.168.171.2', os.name: 'Windows 8.1', os.arch: 'amd64', os.version: '6.3', java.version: '1.8.0_102'
Driver info: org.openqa.selenium.chrome.ChromeDriver
Capabilities {acceptInsecureCerts: false, acceptSslCerts: false, applicationCacheEnabled: false, browserConnectionEnabled: false, browserName: chrome, chrome: {chromedriverVersion: 2.36.540470 (e522d04694c7eb..., userDataDir: C:\Users\RAVIND~1.ZEE\AppDa...}, cssSelectorsEnabled: true, databaseEnabled: false, handlesAlerts: true, hasTouchScreen: false, javascriptEnabled: true, locationContextEnabled: true, mobileEmulationEnabled: false, nativeEvents: true, networkConnectionEnabled: false, pageLoadStrategy: normal, platform: XP, platformName: XP, rotatable: false, setWindowRect: true, takesHeapSnapshot: true, takesScreenshot: true, unexpectedAlertBehaviour: , unhandledPromptBehavior: , version: 69.0.3497.100, webStorageEnabled: true}
Session ID: 3e69d9651eed2dcf761f4775e08d9a70
*** Element info: {Using=xpath, value=//*[@id="main-nav"]/ul/li[2]/ul/li[3]/a}
	at org.openqa.selenium.remote.ErrorHandler.createThrowable(ErrorHandler.java:214)
	at org.openqa.selenium.remote.ErrorHandler.throwIfResponseFailed(ErrorHandler.java:166)
	at org.openqa.selenium.remote.http.JsonHttpResponseCodec.reconstructValue(JsonHttpResponseCodec.java:40)
	at org.openqa.selenium.remote.http.AbstractHttpResponseCodec.decode(AbstractHttpResponseCodec.java:80)
	at org.openqa.selenium.remote.http.AbstractHttpResponseCodec.decode(AbstractHttpResponseCodec.java:44)
	at org.openqa.selenium.remote.HttpCommandExecutor.execute(HttpCommandExecutor.java:158)
	at org.openqa.selenium.remote.service.DriverCommandExecutor.execute(DriverCommandExecutor.java:83)
	at org.openqa.selenium.remote.RemoteWebDriver.execute(RemoteWebDriver.java:548)
	at org.openqa.selenium.remote.RemoteWebDriver.findElement(RemoteWebDriver.java:322)
	at org.openqa.selenium.remote.RemoteWebDriver.findElementByXPath(RemoteWebDriver.java:424)
	at org.openqa.selenium.By$ByXPath.findElement(By.java:353)
	at org.openqa.selenium.remote.RemoteWebDriver.findElement(RemoteWebDriver.java:314)
	at mvnproject.Testinglf.showSubLinkTrendingonLF(Testinglf.java:715)
... Removed 38 stack frames]]>
    </failure>
  </testcase> <!-- showSubLinkTrendingonLF -->
  <testcase name="PeopleSubLinkChefandHost" time="6.238" classname="mvnproject.Testinglf"/>
  <testcase name="PeopleSubLinkScoop" time="1.994" classname="mvnproject.Testinglf"/>
  <testcase name="StorySublinkDishUp" time="27.5" classname="mvnproject.Testinglf"/>
  <testcase name="StorySublinkPopCulture" time="2.719" classname="mvnproject.Testinglf"/>
  <testcase name="StorySublinkPlace" time="2.599" classname="mvnproject.Testinglf"/>
  <testcase name="StorySublinkEntertainment" time="2.495" classname="mvnproject.Testinglf"/>
  <testcase name="StorySublinkFood" time="1.287" classname="mvnproject.Testinglf"/>
  <testcase name="StorySublinkHealth" time="1.925" classname="mvnproject.Testinglf"/>
  <testcase name="reviewSubLinkMumbai" time="5.143" classname="mvnproject.Testinglf"/>
  <testcase name="reviewSubLinkDelhi" time="2.484" classname="mvnproject.Testinglf"/>
  <testcase name="reviewSubLinkBangalore" time="2.256" classname="mvnproject.Testinglf"/>
  <testcase name="reviewSubLinkPune" time="2.503" classname="mvnproject.Testinglf"/>
  <testcase name="reviewSubLinkOther" time="2.506" classname="mvnproject.Testinglf"/>
  <testcase name="HowToSubLinkKitchenHacks" time="3.634" classname="mvnproject.Testinglf"/>
  <testcase name="HowToSubLinkTipsTricks" time="3.402" classname="mvnproject.Testinglf"/>
  <testcase name="aboutLF" time="3.573" classname="mvnproject.Testinglf"/>
  <testcase name="termsOfUse" time="1.411" classname="mvnproject.Testinglf"/>
  <testcase name="stayConnectedTwitter" time="2.204" classname="mvnproject.Testinglf"/>
  <testcase name="stayConnectedInsta" time="4.228" classname="mvnproject.Testinglf"/>
  <testcase name="stayConnectedFacebook" time="6.222" classname="mvnproject.Testinglf"/>
  <testcase name="googleAnaliticsCode" time="0.051" classname="mvnproject.Testinglf"/>
  <testcase name="faceBookCode" time="0.035" classname="mvnproject.Testinglf"/>
  <testcase name="crazyEgg" time="0.052" classname="mvnproject.Testinglf"/>
  <testcase name="UCG" time="34.158" classname="mvnproject.Testinglf">
    <failure type="org.openqa.selenium.NoSuchElementException" message="no such element: Unable to locate element: {&amp;quot;method&amp;quot;:&amp;quot;css selector&amp;quot;,&amp;quot;selector&amp;quot;:&amp;quot;div.col-md-1:nth-child(3) &amp;gt; img:nth-child(1)&amp;quot;}
  (Session info: chrome=69.0.3497.100)
  (Driver info: chromedriver=2.36.540470 (e522d04694c7ebea4ba8821272dbef4f9b818c91),platform=Windows NT 6.3.9600 x86_64) (WARNING: The server did not provide any stacktrace information)
Command duration or timeout: 0 milliseconds
For documentation on this error, please visit: http://seleniumhq.org/exceptions/no_such_element.html
Build info: version: &amp;apos;3.14.0&amp;apos;, revision: &amp;apos;aacccce0&amp;apos;, time: &amp;apos;2018-08-02T20:19:58.91Z&amp;apos;
System info: host: &amp;apos;Lap_RavindraK&amp;apos;, ip: &amp;apos;192.168.171.2&amp;apos;, os.name: &amp;apos;Windows 8.1&amp;apos;, os.arch: &amp;apos;amd64&amp;apos;, os.version: &amp;apos;6.3&amp;apos;, java.version: &amp;apos;1.8.0_102&amp;apos;
Driver info: org.openqa.selenium.chrome.ChromeDriver
Capabilities {acceptInsecureCerts: false, acceptSslCerts: false, applicationCacheEnabled: false, browserConnectionEnabled: false, browserName: chrome, chrome: {chromedriverVersion: 2.36.540470 (e522d04694c7eb..., userDataDir: C:\Users\RAVIND~1.ZEE\AppDa...}, cssSelectorsEnabled: true, databaseEnabled: false, handlesAlerts: true, hasTouchScreen: false, javascriptEnabled: true, locationContextEnabled: true, mobileEmulationEnabled: false, nativeEvents: true, networkConnectionEnabled: false, pageLoadStrategy: normal, platform: XP, platformName: XP, rotatable: false, setWindowRect: true, takesHeapSnapshot: true, takesScreenshot: true, unexpectedAlertBehaviour: , unhandledPromptBehavior: , version: 69.0.3497.100, webStorageEnabled: true}
Session ID: 3e69d9651eed2dcf761f4775e08d9a70
*** Element info: {Using=css selector, value=div.col-md-1:nth-child(3) &amp;gt; img:nth-child(1)}">
      <![CDATA[org.openqa.selenium.NoSuchElementException: no such element: Unable to locate element: {"method":"css selector","selector":"div.col-md-1:nth-child(3) > img:nth-child(1)"}
  (Session info: chrome=69.0.3497.100)
  (Driver info: chromedriver=2.36.540470 (e522d04694c7ebea4ba8821272dbef4f9b818c91),platform=Windows NT 6.3.9600 x86_64) (WARNING: The server did not provide any stacktrace information)
Command duration or timeout: 0 milliseconds
For documentation on this error, please visit: http://seleniumhq.org/exceptions/no_such_element.html
Build info: version: '3.14.0', revision: 'aacccce0', time: '2018-08-02T20:19:58.91Z'
System info: host: 'Lap_RavindraK', ip: '192.168.171.2', os.name: 'Windows 8.1', os.arch: 'amd64', os.version: '6.3', java.version: '1.8.0_102'
Driver info: org.openqa.selenium.chrome.ChromeDriver
Capabilities {acceptInsecureCerts: false, acceptSslCerts: false, applicationCacheEnabled: false, browserConnectionEnabled: false, browserName: chrome, chrome: {chromedriverVersion: 2.36.540470 (e522d04694c7eb..., userDataDir: C:\Users\RAVIND~1.ZEE\AppDa...}, cssSelectorsEnabled: true, databaseEnabled: false, handlesAlerts: true, hasTouchScreen: false, javascriptEnabled: true, locationContextEnabled: true, mobileEmulationEnabled: false, nativeEvents: true, networkConnectionEnabled: false, pageLoadStrategy: normal, platform: XP, platformName: XP, rotatable: false, setWindowRect: true, takesHeapSnapshot: true, takesScreenshot: true, unexpectedAlertBehaviour: , unhandledPromptBehavior: , version: 69.0.3497.100, webStorageEnabled: true}
Session ID: 3e69d9651eed2dcf761f4775e08d9a70
*** Element info: {Using=css selector, value=div.col-md-1:nth-child(3) > img:nth-child(1)}
	at org.openqa.selenium.remote.ErrorHandler.createThrowable(ErrorHandler.java:214)
	at org.openqa.selenium.remote.ErrorHandler.throwIfResponseFailed(ErrorHandler.java:166)
	at org.openqa.selenium.remote.http.JsonHttpResponseCodec.reconstructValue(JsonHttpResponseCodec.java:40)
	at org.openqa.selenium.remote.http.AbstractHttpResponseCodec.decode(AbstractHttpResponseCodec.java:80)
	at org.openqa.selenium.remote.http.AbstractHttpResponseCodec.decode(AbstractHttpResponseCodec.java:44)
	at org.openqa.selenium.remote.HttpCommandExecutor.execute(HttpCommandExecutor.java:158)
	at org.openqa.selenium.remote.service.DriverCommandExecutor.execute(DriverCommandExecutor.java:83)
	at org.openqa.selenium.remote.RemoteWebDriver.execute(RemoteWebDriver.java:548)
	at org.openqa.selenium.remote.RemoteWebDriver.findElement(RemoteWebDriver.java:322)
	at org.openqa.selenium.remote.RemoteWebDriver.findElementByCssSelector(RemoteWebDriver.java:416)
	at org.openqa.selenium.By$ByCssSelector.findElement(By.java:431)
	at org.openqa.selenium.remote.RemoteWebDriver.findElement(RemoteWebDriver.java:314)
	at mvnproject.Testinglf.UCG(Testinglf.java:995)
... Removed 38 stack frames]]>
    </failure>
  </testcase> <!-- UCG -->
  <testcase name="awards2017Winners" time="0.0" classname="mvnproject.Testinglf">
    <ignored/>
  </testcase> <!-- awards2017Winners -->
  <testcase name="awardBuzz" time="0.0" classname="mvnproject.Testinglf">
    <ignored/>
  </testcase> <!-- awardBuzz -->
  <testcase name="awardsCategories" time="0.0" classname="mvnproject.Testinglf">
    <ignored/>
  </testcase> <!-- awardsCategories -->
  <testcase name="awardsEnteratiner" time="0.0" classname="mvnproject.Testinglf">
    <ignored/>
  </testcase> <!-- awardsEnteratiner -->
  <testcase name="awardsFoodInsta" time="0.0" classname="mvnproject.Testinglf">
    <ignored/>
  </testcase> <!-- awardsFoodInsta -->
  <testcase name="nextStory" time="0.0" classname="mvnproject.Testinglf">
    <ignored/>
  </testcase> <!-- nextStory -->
  <testcase name="awards" time="0.0" classname="mvnproject.Testinglf">
    <ignored/>
  </testcase> <!-- awards -->
  <testcase name="awardsTicketsbookinglink" time="0.0" classname="mvnproject.Testinglf">
    <ignored/>
  </testcase> <!-- awardsTicketsbookinglink -->
  <testcase name="awardsAbout" time="0.0" classname="mvnproject.Testinglf">
    <ignored/>
  </testcase> <!-- awardsAbout -->
</testsuite> <!-- Command line test -->
